[187.494754791] 2022-05-02 00:46:38,236 - INFO - launcher: Starting sanity checks
[187.494754791] 2022-05-02 00:46:38,236 - INFO - launcher: Checking for Python 3.5+
[187.494754791] 2022-05-02 00:46:38,236 - INFO - launcher: Checking console encoding
[187.494754791] 2022-05-02 00:46:38,236 - INFO - launcher: Setting console encoding to UTF-8
[187.494754791] 2022-05-02 00:46:38,236 - INFO - launcher: Ensuring we're in the right environment
[187.494754791] 2022-05-02 00:46:38,236 - INFO - launcher: Adding local bins/ folder to path
[3046.802520752] 2022-05-02 00:46:41,096 - INFO - launcher: Required checks passed.
[3046.802520752] 2022-05-02 00:46:41,096 - INFO - launcher: Optional checks passed.
[3046.802520752] 2022-05-02 00:46:41,096 - INFO - launcher: Moving old musicbot log

######################### PRE-RUN SANITY CHECKS PASSED #########################

[10.8127181529998779] 2022-05-02 00:46:48,862 - WARNING - musicbot.config | In config.py::MainThread(6336), line 121 in run_checks: i18n file does not exist. Trying to fallback to config/i18n/en.json.
[10.8127181529998779] 2022-05-02 00:46:48,862 - INFO - musicbot.config | In config.py::MainThread(6336), line 132 in run_checks: Using i18n: config/i18n/en.json
[10.8283431529998779] 2022-05-02 00:46:48,877 - DEBUG - musicbot.bot | In bot.py::MainThread(6336), line 225 in _setup_logging: Set logging level to INFO
[10.8439710140228271] 2022-05-02 00:46:48,893 - DEBUG - musicbot.json | In json.py::MainThread(6336), line 8 in __init__: Init JSON obj with config/i18n/en.json
[10.9689674377441406] 2022-05-02 00:46:49,018 - INFO - musicbot.bot | In bot.py::MainThread(6336), line 90 in __init__: Starting MusicBot release-260819-5-gc87dc05
[10.9689674377441406] 2022-05-02 00:46:49,018 - INFO - musicbot.bot | In bot.py::MainThread(6336), line 96 in __init__: Loaded autoplaylist with 2 entries
[13.7814402580261230] 2022-05-02 00:46:51,830 - DEBUG - musicbot.bot | In bot.py::MainThread(6336), line 951 in on_ready: Connection established, ready to go.
[13.7814402580261230] 2022-05-02 00:46:51,830 - DEBUG - musicbot.bot | In bot.py::MainThread(6336), line 342 in _cache_app_info: Caching app info
[13.9220733642578125] 2022-05-02 00:46:51,971 - DEBUG - musicbot.bot | In bot.py::MainThread(6336), line 773 in _scheck_ensure_env: Ensuring data folders exist
[13.9220733642578125] 2022-05-02 00:46:51,971 - DEBUG - musicbot.bot | In bot.py::MainThread(6336), line 789 in _scheck_server_permissions: Checking server permissions
[13.9220733642578125] 2022-05-02 00:46:51,971 - DEBUG - musicbot.bot | In bot.py::MainThread(6336), line 793 in _scheck_autoplaylist: Auditing autoplaylist
[13.9220733642578125] 2022-05-02 00:46:51,971 - DEBUG - musicbot.bot | In bot.py::MainThread(6336), line 797 in _scheck_configs: Validating config
[13.9220733642578125] 2022-05-02 00:46:51,971 - DEBUG - musicbot.config | In config.py::MainThread(6336), line 236 in async_validate: Validating options...
[13.9220733642578125] 2022-05-02 00:46:51,971 - DEBUG - musicbot.bot | In bot.py::MainThread(6336), line 800 in _scheck_configs: Validating permissions config
[13.9220733642578125] 2022-05-02 00:46:51,971 - DEBUG - musicbot.permissions | In permissions.py::MainThread(6336), line 94 in async_validate: Validating permissions...
[13.9220733642578125] 2022-05-02 00:46:51,971 - INFO - musicbot.bot | In bot.py::MainThread(6336), line 968 in on_ready: Connected: 807774882121121864/Musik#6657
[13.9220733642578125] 2022-05-02 00:46:51,971 - WARNING - musicbot.bot | In bot.py::MainThread(6336), line 996 in on_ready: Owner could not be found on any guild (id: 234763383507910657)

[13.9376490116119385] 2022-05-02 00:46:51,987 - INFO - musicbot.bot | In bot.py::MainThread(6336), line 998 in on_ready: Guild List:
[13.9376490116119385] 2022-05-02 00:46:51,987 - INFO - musicbot.bot | In bot.py::MainThread(6336), line 1001 in on_ready:  - Ich weiß nicht wie ich diesen Server nennen soll
[13.9376490116119385] 2022-05-02 00:46:51,987 - INFO - musicbot.bot | In bot.py::MainThread(6336), line 1026 in on_ready: Bound to text channels:
[13.9376490116119385] 2022-05-02 00:46:51,987 - INFO - musicbot.bot | In bot.py::MainThread(6336), line 1027 in <listcomp>:  - Ich weiß nicht wie ich diesen Server nennen soll/musik
[13.9376490116119385] 2022-05-02 00:46:51,987 - INFO - musicbot.bot | In bot.py::MainThread(6336), line 1065 in on_ready: Not autojoining any voice channels
